0 info it worked if it ends with ok
1 verbose cli [ '/usr/local/bin/node',
1 verbose cli   '/usr/local/bin/npm',
1 verbose cli   'owner',
1 verbose cli   'ls',
1 verbose cli   'Loc8r' ]
2 info using npm@3.7.3
3 info using node@v5.8.0
4 silly mapToRegistry name Loc8r
5 silly mapToRegistry using default registry
6 silly mapToRegistry registry https://registry.npmjs.org/
7 silly mapToRegistry uri https://registry.npmjs.org/Loc8r
8 verbose request uri https://registry.npmjs.org/Loc8r
9 verbose request no auth needed
10 info attempt registry request try #1 at 12:16:52 PM
11 verbose request id 575fdab8208006b3
12 http request GET https://registry.npmjs.org/Loc8r
13 http 404 https://registry.npmjs.org/Loc8r
14 verbose headers { 'content-type': 'application/json',
14 verbose headers   'cache-control': 'max-age=0',
14 verbose headers   'content-length': '2',
14 verbose headers   'accept-ranges': 'bytes',
14 verbose headers   date: 'Wed, 16 Mar 2016 12:16:52 GMT',
14 verbose headers   via: '1.1 varnish',
14 verbose headers   age: '0',
14 verbose headers   connection: 'keep-alive',
14 verbose headers   'x-served-by': 'cache-fra1236-FRA',
14 verbose headers   'x-cache': 'MISS',
14 verbose headers   'x-cache-hits': '0',
14 verbose headers   'x-timer': 'S1458130612.458126,VS0,VE191' }
15 silly get cb [ 404,
15 silly get   { 'content-type': 'application/json',
15 silly get     'cache-control': 'max-age=0',
15 silly get     'content-length': '2',
15 silly get     'accept-ranges': 'bytes',
15 silly get     date: 'Wed, 16 Mar 2016 12:16:52 GMT',
15 silly get     via: '1.1 varnish',
15 silly get     age: '0',
15 silly get     connection: 'keep-alive',
15 silly get     'x-served-by': 'cache-fra1236-FRA',
15 silly get     'x-cache': 'MISS',
15 silly get     'x-cache-hits': '0',
15 silly get     'x-timer': 'S1458130612.458126,VS0,VE191' } ]
16 error owner ls Couldn't get owner data Loc8r
17 verbose stack Error: Registry returned 404 for GET on https://registry.npmjs.org/Loc8r
17 verbose stack     at makeError (/usr/local/lib/node_modules/npm/node_modules/npm-registry-client/lib/request.js:264:12)
17 verbose stack     at CachingRegistryClient.<anonymous> (/usr/local/lib/node_modules/npm/node_modules/npm-registry-client/lib/request.js:242:14)
17 verbose stack     at Request._callback (/usr/local/lib/node_modules/npm/node_modules/npm-registry-client/lib/request.js:172:14)
17 verbose stack     at Request.self.callback (/usr/local/lib/node_modules/npm/node_modules/request/request.js:199:22)
17 verbose stack     at emitTwo (events.js:100:13)
17 verbose stack     at Request.emit (events.js:185:7)
17 verbose stack     at Request.<anonymous> (/usr/local/lib/node_modules/npm/node_modules/request/request.js:1036:10)
17 verbose stack     at emitOne (events.js:95:20)
17 verbose stack     at Request.emit (events.js:182:7)
17 verbose stack     at IncomingMessage.<anonymous> (/usr/local/lib/node_modules/npm/node_modules/request/request.js:963:12)
18 verbose statusCode 404
19 verbose pkgid Loc8r
20 verbose cwd /home/quietswami/meanStackTest
21 error Linux 4.2.0-34-generic
22 error argv "/usr/local/bin/node" "/usr/local/bin/npm" "owner" "ls" "Loc8r"
23 error node v5.8.0
24 error npm  v3.7.3
25 error code E404
26 error 404 Registry returned 404 for GET on https://registry.npmjs.org/Loc8r
27 error 404
28 error 404 'Loc8r' is not in the npm registry.
29 error 404 Your package name is not valid, because
30 error 404 1. name can no longer contain capital letters
31 error 404 Note that you can also install from a
32 error 404 tarball, folder, http url, or git url.
33 verbose exit [ 1, true ]
